<?xml version="1.0" encoding="UTF-8"?>
<testng-results ignored="0" total="1" passed="1" failed="0" skipped="0">
  <reporter-output>
    <line>
      <![CDATA[Company is created successfully]]>
    </line>
  </reporter-output>
  <suite started-at="2021-10-30T14:06:58Z" name="Default suite" finished-at="2021-10-30T14:07:21Z" duration-ms="23154">
    <groups>
    </groups>
    <test started-at="2021-10-30T14:06:58Z" name="Default test" finished-at="2021-10-30T14:07:21Z" duration-ms="23154">
      <class name="com.digicollect.qa.testcases.HomePageTest">
        <test-method signature="createCompany()[pri:0, instance:com.digicollect.qa.testcases.HomePageTest@117159c0]" started-at="2021-10-30T19:36:58Z" name="createCompany" finished-at="2021-10-30T19:37:21Z" duration-ms="23139" status="PASS">
          <reporter-output>
            <line>
              <![CDATA[Company is created successfully]]>
            </line>
          </reporter-output>
        </test-method> <!-- createCompany -->
      </class> <!-- com.digicollect.qa.testcases.HomePageTest -->
    </test> <!-- Default test -->
  </suite> <!-- Default suite -->
</testng-results>
